<?xml version="1.0" encoding="UTF-8"?>
<!-- Generated by org.testng.reporters.JUnitReportReporter -->
<testsuite hostname="Jatin-Mezash-LPT" failures="2" tests="18" name="Amity.Online2.Module2_FunctionalTesting" time="133.857" errors="0" timestamp="2024-10-15T18:17:52 IST" skipped="0">
  <testcase classname="Amity.Online2.Module2_FunctionalTesting" name="MasterofComputerApplications" time="6.208">
    <failure message="Assertion error occurred: expected [true] but found [false]" type="java.lang.AssertionError">
      <![CDATA[java.lang.AssertionError: Assertion error occurred: expected [true] but found [false]
at org.testng.Assert.fail(Assert.java:111)
at Amity.Online2.Module2_FunctionalTesting.MasterofComputerApplications(Module2_FunctionalTesting.java:188)
at java.base/jdk.internal.reflect.DirectMethodHandleAccessor.invoke(DirectMethodHandleAccessor.java:103)
at java.base/java.lang.reflect.Method.invoke(Method.java:580)
at org.testng.internal.invokers.MethodInvocationHelper.invokeMethod(MethodInvocationHelper.java:139)
at org.testng.internal.invokers.TestInvoker.invokeMethod(TestInvoker.java:664)
at org.testng.internal.invokers.TestInvoker.invokeTestMethod(TestInvoker.java:228)
at org.testng.internal.invokers.MethodRunner.runInSequence(MethodRunner.java:63)
at org.testng.internal.invokers.TestInvoker$MethodInvocationAgent.invoke(TestInvoker.java:961)
at org.testng.internal.invokers.TestInvoker.invokeTestMethods(TestInvoker.java:201)
at org.testng.internal.invokers.TestMethodWorker.invokeTestMethods(TestMethodWorker.java:148)
at org.testng.internal.invokers.TestMethodWorker.run(TestMethodWorker.java:128)
at java.base/java.util.ArrayList.forEach(ArrayList.java:1597)
at org.testng.TestRunner.privateRun(TestRunner.java:819)
at org.testng.TestRunner.run(TestRunner.java:619)
at org.testng.SuiteRunner.runTest(SuiteRunner.java:443)
at org.testng.SuiteRunner.runSequentially(SuiteRunner.java:437)
at org.testng.SuiteRunner.privateRun(SuiteRunner.java:397)
at org.testng.SuiteRunner.run(SuiteRunner.java:336)
at org.testng.SuiteRunnerWorker.runSuite(SuiteRunnerWorker.java:52)
at org.testng.SuiteRunnerWorker.run(SuiteRunnerWorker.java:95)
at org.testng.TestNG.runSuitesSequentially(TestNG.java:1301)
at org.testng.TestNG.runSuitesLocally(TestNG.java:1228)
at org.testng.TestNG.runSuites(TestNG.java:1134)
at org.testng.TestNG.run(TestNG.java:1101)
at org.testng.remote.AbstractRemoteTestNG.run(AbstractRemoteTestNG.java:115)
at org.testng.remote.RemoteTestNG.initAndRun(RemoteTestNG.java:293)
at org.testng.remote.RemoteTestNG.main(RemoteTestNG.java:91)
]]>
    </failure>
  </testcase> <!-- MasterofComputerApplications -->
  <testcase classname="Amity.Online2.Module2_FunctionalTesting" name="MCAwithspecializationinBlockchain" time="2.535">
    <failure message="Unexpected error occurred: no such element: Unable to locate element: {&quot;method&quot;:&quot;xpath&quot;,&quot;selector&quot;:&quot;//a[normalize-space()=&#039;MCA with specialization in Blockchai&#039;]&quot;}
  (Session info: chrome=129.0.6668.101)
For documentation on this error, please visit: https://selenium.dev/exceptions/#no_such_element
Build info: version: &#039;4.8.3&#039;, revision: &#039;e5e76298c3&#039;
System info: os.name: &#039;Windows 11&#039;, os.arch: &#039;amd64&#039;, os.version: &#039;10.0&#039;, java.version: &#039;22.0.1&#039;
Driver info: org.openqa.selenium.chrome.ChromeDriver
Command: [1f8e661ffe76151905af08ae56e740e8, findElement {using=xpath, value=//a[normalize-space()=&#039;MCA with specialization in Blockchai&#039;]}]
Capabilities {acceptInsecureCerts: false, browserName: chrome, browserVersion: 129.0.6668.101, chrome: {chromedriverVersion: 129.0.6668.100 (cf58cba358d..., userDataDir: C:\Users\admin\AppData\Loca...}, fedcm:accounts: true, goog:chromeOptions: {debuggerAddress: localhost:51740}, networkConnectionEnabled: false, pageLoadStrategy: normal, platformName: WINDOWS, proxy: Proxy(), se:cdp: ws://localhost:51740/devtoo..., se:cdpVersion: 129.0.6668.101, setWindowRect: true, strictFileInteractability: false, timeouts: {implicit: 0, pageLoad: 300000, script: 30000}, unhandledPromptBehavior: dismiss and notify, webauthn:extension:credBlob: true, webauthn:extension:largeBlob: true, webauthn:extension:minPinLength: true, webauthn:extension:prf: true, webauthn:virtualAuthenticators: true}
Session ID: 1f8e661ffe76151905af08ae56e740e8" type="java.lang.AssertionError">
      <![CDATA[java.lang.AssertionError: Unexpected error occurred: no such element: Unable to locate element: {"method":"xpath","selector":"//a[normalize-space()='MCA with specialization in Blockchai']"}
  (Session info: chrome=129.0.6668.101)
For documentation on this error, please visit: https://selenium.dev/exceptions/#no_such_element
Build info: version: '4.8.3', revision: 'e5e76298c3'
System info: os.name: 'Windows 11', os.arch: 'amd64', os.version: '10.0', java.version: '22.0.1'
Driver info: org.openqa.selenium.chrome.ChromeDriver
Command: [1f8e661ffe76151905af08ae56e740e8, findElement {using=xpath, value=//a[normalize-space()='MCA with specialization in Blockchai']}]
Capabilities {acceptInsecureCerts: false, browserName: chrome, browserVersion: 129.0.6668.101, chrome: {chromedriverVersion: 129.0.6668.100 (cf58cba358d..., userDataDir: C:\Users\admin\AppData\Loca...}, fedcm:accounts: true, goog:chromeOptions: {debuggerAddress: localhost:51740}, networkConnectionEnabled: false, pageLoadStrategy: normal, platformName: WINDOWS, proxy: Proxy(), se:cdp: ws://localhost:51740/devtoo..., se:cdpVersion: 129.0.6668.101, setWindowRect: true, strictFileInteractability: false, timeouts: {implicit: 0, pageLoad: 300000, script: 30000}, unhandledPromptBehavior: dismiss and notify, webauthn:extension:credBlob: true, webauthn:extension:largeBlob: true, webauthn:extension:minPinLength: true, webauthn:extension:prf: true, webauthn:virtualAuthenticators: true}
Session ID: 1f8e661ffe76151905af08ae56e740e8
at org.testng.Assert.fail(Assert.java:111)
at Amity.Online2.Module2_FunctionalTesting.MCAwithspecializationinBlockchain(Module2_FunctionalTesting.java:226)
at java.base/jdk.internal.reflect.DirectMethodHandleAccessor.invoke(DirectMethodHandleAccessor.java:103)
at java.base/java.lang.reflect.Method.invoke(Method.java:580)
at org.testng.internal.invokers.MethodInvocationHelper.invokeMethod(MethodInvocationHelper.java:139)
at org.testng.internal.invokers.TestInvoker.invokeMethod(TestInvoker.java:664)
at org.testng.internal.invokers.TestInvoker.invokeTestMethod(TestInvoker.java:228)
at org.testng.internal.invokers.MethodRunner.runInSequence(MethodRunner.java:63)
at org.testng.internal.invokers.TestInvoker$MethodInvocationAgent.invoke(TestInvoker.java:961)
at org.testng.internal.invokers.TestInvoker.invokeTestMethods(TestInvoker.java:201)
at org.testng.internal.invokers.TestMethodWorker.invokeTestMethods(TestMethodWorker.java:148)
at org.testng.internal.invokers.TestMethodWorker.run(TestMethodWorker.java:128)
at java.base/java.util.ArrayList.forEach(ArrayList.java:1597)
at org.testng.TestRunner.privateRun(TestRunner.java:819)
at org.testng.TestRunner.run(TestRunner.java:619)
at org.testng.SuiteRunner.runTest(SuiteRunner.java:443)
at org.testng.SuiteRunner.runSequentially(SuiteRunner.java:437)
at org.testng.SuiteRunner.privateRun(SuiteRunner.java:397)
at org.testng.SuiteRunner.run(SuiteRunner.java:336)
at org.testng.SuiteRunnerWorker.runSuite(SuiteRunnerWorker.java:52)
at org.testng.SuiteRunnerWorker.run(SuiteRunnerWorker.java:95)
at org.testng.TestNG.runSuitesSequentially(TestNG.java:1301)
at org.testng.TestNG.runSuitesLocally(TestNG.java:1228)
at org.testng.TestNG.runSuites(TestNG.java:1134)
at org.testng.TestNG.run(TestNG.java:1101)
at org.testng.remote.AbstractRemoteTestNG.run(AbstractRemoteTestNG.java:115)
at org.testng.remote.RemoteTestNG.initAndRun(RemoteTestNG.java:293)
at org.testng.remote.RemoteTestNG.main(RemoteTestNG.java:91)
]]>
    </failure>
  </testcase> <!-- MCAwithspecializationinBlockchain -->
  <testcase classname="Amity.Online2.Module2_FunctionalTesting" name="MCAwithspecializationinMLandAl" time="7.857"/>
  <testcase classname="Amity.Online2.Module2_FunctionalTesting" name="MCAwithspecializationinMachineLearning" time="8.179"/>
  <testcase classname="Amity.Online2.Module2_FunctionalTesting" name="MCAwithspecializationinARandVR" time="6.567"/>
  <testcase classname="Amity.Online2.Module2_FunctionalTesting" name="MasterofBusinessAdministration" time="6.317"/>
  <testcase classname="Amity.Online2.Module2_FunctionalTesting" name="MBAwithspecializationinDigitalMarketingManagement" time="8.057"/>
  <testcase classname="Amity.Online2.Module2_FunctionalTesting" name="MBAwithspecializationinHRAnalytics" time="6.245"/>
  <testcase classname="Amity.Online2.Module2_FunctionalTesting" name="MBAwithspecializationinDataScience" time="6.430"/>
  <testcase classname="Amity.Online2.Module2_FunctionalTesting" name="MBAwithspecializationinBusinessAnalytics" time="9.910"/>
  <testcase classname="Amity.Online2.Module2_FunctionalTesting" name="MBAwithspecializationinDigitalEntrepreneurship" time="11.405"/>
  <testcase classname="Amity.Online2.Module2_FunctionalTesting" name="MasterofArtsJournalismandMasscommunication" time="7.661"/>
  <testcase classname="Amity.Online2.Module2_FunctionalTesting" name="MComwithspecializationinFintech" time="7.057"/>
  <testcase classname="Amity.Online2.Module2_FunctionalTesting" name="MComwithspecializationinFinancialManagement" time="8.236"/>
  <testcase classname="Amity.Online2.Module2_FunctionalTesting" name="MasterofArtsinPublicPolicyandGovernance" time="8.067"/>
  <testcase classname="Amity.Online2.Module2_FunctionalTesting" name="MasterofArtsinPsychology" time="6.164"/>
  <testcase classname="Amity.Online2.Module2_FunctionalTesting" name="MasterofScienceinDataScience" time="7.952"/>
  <testcase classname="Amity.Online2.Module2_FunctionalTesting" name="PrintprogramsList" time="9.010"/>
</testsuite> <!-- Amity.Online2.Module2_FunctionalTesting -->
