<?xml version="1.0" encoding="UTF-8"?>
<!-- Generated by org.testng.reporters.JUnitReportReporter -->
<testsuite hostname="Jatin-Mezash-LPT" failures="0" tests="18" name="Amity.Online2.Module2_FunctionalTesting" time="108.519" errors="0" timestamp="2024-11-07T15:41:20 IST" skipped="0">
  <testcase classname="Amity.Online2.Module2_FunctionalTesting" name="MasterofComputerApplications" time="5.387"/>
  <testcase classname="Amity.Online2.Module2_FunctionalTesting" name="MCAwithspecializationinBlockchain" time="5.476"/>
  <testcase classname="Amity.Online2.Module2_FunctionalTesting" name="MCAwithspecializationinMLandAl" time="6.836"/>
  <testcase classname="Amity.Online2.Module2_FunctionalTesting" name="MCAwithspecializationinMachineLearning" time="5.526"/>
  <testcase classname="Amity.Online2.Module2_FunctionalTesting" name="MCAwithspecializationinARandVR" time="5.865"/>
  <testcase classname="Amity.Online2.Module2_FunctionalTesting" name="MasterofBusinessAdministration" time="5.353"/>
  <testcase classname="Amity.Online2.Module2_FunctionalTesting" name="MBAwithspecializationinDigitalMarketingManagement" time="5.481"/>
  <testcase classname="Amity.Online2.Module2_FunctionalTesting" name="MBAwithspecializationinHRAnalytics" time="6.189"/>
  <testcase classname="Amity.Online2.Module2_FunctionalTesting" name="MBAwithspecializationinDataScience" time="5.384"/>
  <testcase classname="Amity.Online2.Module2_FunctionalTesting" name="MBAwithspecializationinBusinessAnalytics" time="7.482"/>
  <testcase classname="Amity.Online2.Module2_FunctionalTesting" name="MBAwithspecializationinDigitalEntrepreneurship" time="5.842"/>
  <testcase classname="Amity.Online2.Module2_FunctionalTesting" name="MasterofArtsJournalismandMasscommunication" time="6.635"/>
  <testcase classname="Amity.Online2.Module2_FunctionalTesting" name="MComwithspecializationinFintech" time="6.232"/>
  <testcase classname="Amity.Online2.Module2_FunctionalTesting" name="MComwithspecializationinFinancialManagement" time="5.395"/>
  <testcase classname="Amity.Online2.Module2_FunctionalTesting" name="MasterofArtsinPublicPolicyandGovernance" time="5.585"/>
  <testcase classname="Amity.Online2.Module2_FunctionalTesting" name="MasterofArtsinPsychology" time="5.576"/>
  <testcase classname="Amity.Online2.Module2_FunctionalTesting" name="MasterofScienceinDataScience" time="5.941"/>
  <testcase classname="Amity.Online2.Module2_FunctionalTesting" name="PrintprogramsList" time="8.334"/>
</testsuite> <!-- Amity.Online2.Module2_FunctionalTesting -->
