<?xml version="1.0" encoding="UTF-8"?>
<!-- Generated by org.testng.reporters.JUnitReportReporter -->
<testsuite hostname="Jatin-Mezash-LPT" failures="0" tests="32" name="Amity.Online2.Module2_FunctionalTesting" time="357.595" errors="0" timestamp="2024-10-15T00:52:06 IST" skipped="0">
  <testcase classname="Amity.Online2.Module2_FunctionalTesting" name="BachelorofComputerApplications" time="13.805"/>
  <testcase classname="Amity.Online2.Module2_FunctionalTesting" name="BCAwithspecializationinCloudandSecurity" time="14.128"/>
  <testcase classname="Amity.Online2.Module2_FunctionalTesting" name="BCAwithspecializationinDataAnalytics" time="9.889"/>
  <testcase classname="Amity.Online2.Module2_FunctionalTesting" name="BachelorofBusinessAdministration" time="7.673"/>
  <testcase classname="Amity.Online2.Module2_FunctionalTesting" name="BachelorofArtsJournalismandMasscommunication" time="15.032"/>
  <testcase classname="Amity.Online2.Module2_FunctionalTesting" name="BachelorofCommerce" time="11.294"/>
  <testcase classname="Amity.Online2.Module2_FunctionalTesting" name="BachelorofArts" time="12.428"/>
  <testcase classname="Amity.Online2.Module2_FunctionalTesting" name="BachelorofArtKannadaMedium" time="12.851"/>
  <testcase classname="Amity.Online2.Module2_FunctionalTesting" name="BachelorofArtsMalayalamMedium" time="13.503"/>
  <testcase classname="Amity.Online2.Module2_FunctionalTesting" name="BachelorofArtsTamilMedium" time="14.043"/>
  <testcase classname="Amity.Online2.Module2_FunctionalTesting" name="BachelorofArtsTeluguMedium" time="10.404"/>
  <testcase classname="Amity.Online2.Module2_FunctionalTesting" name="BachelorofArtsHindiMedium" time="14.543"/>
  <testcase classname="Amity.Online2.Module2_FunctionalTesting" name="BComwithSpecializationinInternationalFinanceandAccounting" time="10.676"/>
  <testcase classname="Amity.Online2.Module2_FunctionalTesting" name="BachelorOfCommerceHonours" time="10.798"/>
  <testcase classname="Amity.Online2.Module2_FunctionalTesting" name="MasterofComputerApplications" time="8.026"/>
  <testcase classname="Amity.Online2.Module2_FunctionalTesting" name="MCAwithspecializationinBlockchain" time="15.281"/>
  <testcase classname="Amity.Online2.Module2_FunctionalTesting" name="MCAwithspecializationinMLandAl" time="12.318"/>
  <testcase classname="Amity.Online2.Module2_FunctionalTesting" name="MCAwithspecializationinMachineLearning" time="10.051"/>
  <testcase classname="Amity.Online2.Module2_FunctionalTesting" name="MCAwithspecializationinARandVR" time="8.312"/>
  <testcase classname="Amity.Online2.Module2_FunctionalTesting" name="MasterofBusinessAdministration" time="12.374"/>
  <testcase classname="Amity.Online2.Module2_FunctionalTesting" name="MBAwithspecializationinDigitalMarketingManagement" time="11.256"/>
  <testcase classname="Amity.Online2.Module2_FunctionalTesting" name="MBAwithspecializationinHRAnalytics" time="9.419"/>
  <testcase classname="Amity.Online2.Module2_FunctionalTesting" name="MBAwithspecializationinDataScience" time="13.705"/>
  <testcase classname="Amity.Online2.Module2_FunctionalTesting" name="MBAwithspecializationinBusinessAnalytics" time="11.502"/>
  <testcase classname="Amity.Online2.Module2_FunctionalTesting" name="MBAwithspecializationinDigitalEntrepreneurship" time="9.828"/>
  <testcase classname="Amity.Online2.Module2_FunctionalTesting" name="MasterofArtsJournalismandMasscommunication" time="7.813"/>
  <testcase classname="Amity.Online2.Module2_FunctionalTesting" name="MComwithspecializationinFintech" time="9.410"/>
  <testcase classname="Amity.Online2.Module2_FunctionalTesting" name="MComwithspecializationinFinancialManagement" time="10.841"/>
  <testcase classname="Amity.Online2.Module2_FunctionalTesting" name="MasterofArtsinPublicPolicyandGovernance" time="7.830"/>
  <testcase classname="Amity.Online2.Module2_FunctionalTesting" name="MasterofArtsinPsychology" time="8.095"/>
  <testcase classname="Amity.Online2.Module2_FunctionalTesting" name="MasterofScienceinDataScience" time="10.884"/>
  <testcase classname="Amity.Online2.Module2_FunctionalTesting" name="PrintprogramsList" time="9.583"/>
</testsuite> <!-- Amity.Online2.Module2_FunctionalTesting -->
